Assembler report for MD5_Decryption
Tue Mar 18 16:08:45 2025
Quartus II 64-Bit Version 14.0.2 Build 209 09/17/2014 SJ Full Version


---------------------
; Table of Contents ;
---------------------
  1. Legal Notice
  2. Assembler Summary
  3. Assembler Settings
  4. Assembler Generated Files
  5. Assembler Device Options: MD5_Decryption.sof
  6. Assembler Messages



----------------
; Legal Notice ;
----------------
Copyright (C) 1991-2014 Altera Corporation. All rights reserved.
Your use of Altera Corporation's design tools, logic functions 
and other software and tools, and its AMPP partner logic 
functions, and any output files from any of the foregoing 
(including device programming or simulation files), and any 
associated documentation or information are expressly subject 
to the terms and conditions of the Altera Program License 
Subscription Agreement, the Altera Quartus II License Agreement,
the Altera MegaCore Function License Agreement, or other 
applicable license agreement, including, without limitation, 
that your use is for the sole purpose of programming logic 
devices manufactured by Altera and sold by Altera or its 
authorized distributors.  Please refer to the applicable 
agreement for further details.



+---------------------------------------------------------------+
; Assembler Summary                                             ;
+-----------------------+---------------------------------------+
; Assembler Status      ; Successful - Tue Mar 18 16:08:45 2025 ;
; Revision Name         ; MD5_Decryption                        ;
; Top-level Entity Name ; md5                                   ;
; Family                ; Cyclone V                             ;
; Device                ; 5CSEMA5F31C6                          ;
+-----------------------+---------------------------------------+


+----------------------------------+
; Assembler Settings               ;
+--------+---------+---------------+
; Option ; Setting ; Default Value ;
+--------+---------+---------------+


+---------------------------+
; Assembler Generated Files ;
+---------------------------+
; File Name                 ;
+---------------------------+
; MD5_Decryption.sof        ;
+---------------------------+


+----------------------------------------------+
; Assembler Device Options: MD5_Decryption.sof ;
+----------------+-----------------------------+
; Option         ; Setting                     ;
+----------------+-----------------------------+
; Device         ; 5CSEMA5F31C6                ;
; JTAG usercode  ; 0x00B99BA9                  ;
; Checksum       ; 0x00B99BA9                  ;
+----------------+-----------------------------+


+--------------------+
; Assembler Messages ;
+--------------------+
Info: *******************************************************************
Info: Running Quartus II 64-Bit Assembler
    Info: Version 14.0.2 Build 209 09/17/2014 SJ Full Version
    Info: Processing started: Tue Mar 18 16:08:32 2025
Info: Command: quartus_asm --read_settings_files=off --write_settings_files=off MD5_Decryption -c MD5_Decryption
Info (115030): Assembler is generating device programming files
Warning (11713): The configuration of the Hard Processor Subsystem (HPS) within this design has changed.
The Preloader software that initializes the HPS requires an update.
Using hps_isw_handoff/soc_system_hps_0/, run the Preloader Support Package Generator to update your Preloader software
Info: Quartus II 64-Bit Assembler was successful. 0 errors, 1 warning
    Info: Peak virtual memory: 973 megabytes
    Info: Processing ended: Tue Mar 18 16:08:45 2025
    Info: Elapsed time: 00:00:13
    Info: Total CPU time (on all processors): 00:00:11


